<?xml version="1.0" encoding="UTF-8"?>
<testsuite name="fi.gemwars.test.TestEntityClass" tests="2" skipped="0" failures="0" errors="0" timestamp="2019-05-31T18:42:32" hostname="yambitsu" time="0.002">
  <properties/>
  <testcase name="testCompareTo" classname="fi.gemwars.test.TestEntityClass" time="0.001"/>
  <testcase name="testCreatingAEntity" classname="fi.gemwars.test.TestEntityClass" time="0.001"/>
  <system-out><![CDATA[]]></system-out>
  <system-err><![CDATA[]]></system-err>
</testsuite>
