<?xml version="1.0" encoding="UTF-8"?>
<testsuite name="fi.gemwars.test.TestTimeCounter" tests="1" skipped="0" failures="0" errors="0" timestamp="2019-05-31T18:42:26" hostname="yambitsu" time="6.009">
  <properties/>
  <testcase name="testTimeCounter" classname="fi.gemwars.test.TestTimeCounter" time="6.009"/>
  <system-out><![CDATA[]]></system-out>
  <system-err><![CDATA[]]></system-err>
</testsuite>
