<?xml version="1.0" encoding="UTF-8"?>
<testsuite name="fi.gemwars.test.TestLevelCaps" tests="1" skipped="0" failures="0" errors="0" timestamp="2019-05-31T18:42:32" hostname="yambitsu" time="0.0">
  <properties/>
  <testcase name="getNextLevel" classname="fi.gemwars.test.TestLevelCaps" time="0.0"/>
  <system-out><![CDATA[]]></system-out>
  <system-err><![CDATA[]]></system-err>
</testsuite>
